{"C:\\Users\\sfrei\\OneDrive\\Documentos\\UFPE\\2º Período\\DSoft\\JuridIA\\Server\\controllers\\ChatController.js": {"path":"C:\\Users\\sfrei\\OneDrive\\Documentos\\UFPE\\2º Período\\DSoft\\JuridIA\\Server\\controllers\\ChatController.js","statementMap":{"0":{"start":{"line":6,"column":16},"end":{"line":6,"column":37}},"1":{"start":{"line":7,"column":22},"end":{"line":7,"column":39}},"2":{"start":{"line":9,"column":2},"end":{"line":32,"column":3}},"3":{"start":{"line":10,"column":16},"end":{"line":10,"column":46}},"4":{"start":{"line":11,"column":4},"end":{"line":11,"column":82}},"5":{"start":{"line":11,"column":14},"end":{"line":11,"column":82}},"6":{"start":{"line":13,"column":20},"end":{"line":16,"column":6}},"7":{"start":{"line":18,"column":21},"end":{"line":18,"column":65}},"8":{"start":{"line":19,"column":20},"end":{"line":19,"column":50}},"9":{"start":{"line":21,"column":4},"end":{"line":24,"column":7}},"10":{"start":{"line":26,"column":4},"end":{"line":26,"column":48}},"11":{"start":{"line":28,"column":4},"end":{"line":28,"column":33}},"12":{"start":{"line":30,"column":4},"end":{"line":30,"column":52}},"13":{"start":{"line":31,"column":4},"end":{"line":31,"column":65}}},"fnMap":{"0":{"name":"ChatController","decl":{"start":{"line":5,"column":22},"end":{"line":5,"column":36}},"loc":{"start":{"line":5,"column":47},"end":{"line":33,"column":1}},"line":5}},"branchMap":{"0":{"loc":{"start":{"line":11,"column":4},"end":{"line":11,"column":82}},"type":"if","locations":[{"start":{"line":11,"column":4},"end":{"line":11,"column":82}},{"start":{},"end":{}}],"line":11}},"s":{"0":3,"1":3,"2":3,"3":3,"4":2,"5":1,"6":1,"7":1,"8":1,"9":1,"10":1,"11":1,"12":1,"13":1},"f":{"0":3},"b":{"0":[1,1]},"_coverageSchema":"1a1c01bbd47fc00a2c39e90264f33305004495a9","hash":"7a320b04eefff734293093b13d5331b4eb19e649"}
,"C:\\Users\\sfrei\\OneDrive\\Documentos\\UFPE\\2º Período\\DSoft\\JuridIA\\Server\\services\\chatService.js": {"path":"C:\\Users\\sfrei\\OneDrive\\Documentos\\UFPE\\2º Período\\DSoft\\JuridIA\\Server\\services\\chatService.js","statementMap":{"0":{"start":{"line":2,"column":2},"end":{"line":12,"column":4}},"1":{"start":{"line":7,"column":27},"end":{"line":10,"column":5}}},"fnMap":{"0":{"name":"buildChatMessages","decl":{"start":{"line":1,"column":16},"end":{"line":1,"column":33}},"loc":{"start":{"line":1,"column":61},"end":{"line":13,"column":1}},"line":1},"1":{"name":"(anonymous_1)","decl":{"start":{"line":7,"column":19},"end":{"line":7,"column":20}},"loc":{"start":{"line":7,"column":27},"end":{"line":10,"column":5}},"line":7}},"branchMap":{"0":{"loc":{"start":{"line":8,"column":12},"end":{"line":8,"column":50}},"type":"cond-expr","locations":[{"start":{"line":8,"column":30},"end":{"line":8,"column":41}},{"start":{"line":8,"column":44},"end":{"line":8,"column":50}}],"line":8}},"s":{"0":1,"1":2},"f":{"0":1,"1":2},"b":{"0":[1,1]},"_coverageSchema":"1a1c01bbd47fc00a2c39e90264f33305004495a9","hash":"b85721d3d121e74b59dfc834a66ffb96e8e2d726"}
}
